[debug] [2020-12-23T14:18:29.901Z] ----------------------------------------------------------------------
[debug] [2020-12-23T14:18:29.907Z] Command:       /home/linuxbrew/.linuxbrew/Cellar/node/15.4.0/bin/node /home/linuxbrew/.linuxbrew/bin/firebase emulators:start
[debug] [2020-12-23T14:18:29.908Z] CLI Version:   9.1.0
[debug] [2020-12-23T14:18:29.908Z] Platform:      linux
[debug] [2020-12-23T14:18:29.908Z] Node Version:  v15.4.0
[debug] [2020-12-23T14:18:29.910Z] Time:          Wed Dec 23 2020 17:18:29 GMT+0300 (Moscow Standard Time)
[debug] [2020-12-23T14:18:29.910Z] ----------------------------------------------------------------------
[debug] [2020-12-23T14:18:29.910Z] 
[debug] [2020-12-23T14:18:29.939Z] > command requires scopes: ["email","openid","https://www.googleapis.com/auth/cloudplatformprojects.readonly","https://www.googleapis.com/auth/firebase","https://www.googleapis.com/auth/cloud-platform"]
[debug] [2020-12-23T14:18:29.940Z] > authorizing via signed-in user
[info] i  emulators: Starting emulators: functions, hosting {"metadata":{"emulator":{"name":"hub"},"message":"Starting emulators: functions, hosting"}}
[debug] [2020-12-23T14:18:30.009Z] [hub] writing locator at /tmp/hub-atmosphere-messenger.json
[warn] ⚠  functions: The following emulators are not running, calls to these services from the Functions emulator will affect production: auth, firestore, database, pubsub {"metadata":{"emulator":{"name":"functions"},"message":"The following emulators are not running, calls to these services from the Functions emulator will affect production: \u001b[1mauth, firestore, database, pubsub\u001b[22m"}}
[warn] ⚠  Your requested "node" version "10" doesn't match your global version "15" {"metadata":{"emulator":{"name":"functions"},"message":"Your requested \"node\" version \"10\" doesn't match your global version \"15\""}}
[debug] [2020-12-23T14:18:30.124Z] defaultcredentials: writing to file /home/lisovsky/.config/firebase/thesuperuserstyle_gmail_com_application_default_credentials.json
[debug] [2020-12-23T14:18:30.131Z] Setting GAC to /home/lisovsky/.config/firebase/thesuperuserstyle_gmail_com_application_default_credentials.json {"metadata":{"emulator":{"name":"functions"},"message":"Setting GAC to /home/lisovsky/.config/firebase/thesuperuserstyle_gmail_com_application_default_credentials.json"}}
[debug] [2020-12-23T14:18:30.152Z] >>> HTTP REQUEST GET https://firebase.googleapis.com/v1beta1/projects/atmosphere-messenger/webApps/-/config  
 
[debug] [2020-12-23T14:18:31.279Z] <<< HTTP RESPONSE 200 {"content-type":"application/json; charset=UTF-8","vary":"X-Origin, Referer, Origin,Accept-Encoding","date":"Wed, 23 Dec 2020 14:18:31 GMT","server":"ESF","cache-control":"private","x-xss-protection":"0","x-frame-options":"SAMEORIGIN","x-content-type-options":"nosniff","alt-svc":"h3-29=\":443\"; ma=2592000,h3-T051=\":443\"; ma=2592000,h3-Q050=\":443\"; ma=2592000,h3-Q046=\":443\"; ma=2592000,h3-Q043=\":443\"; ma=2592000,quic=\":443\"; ma=2592000; v=\"46,43\"","accept-ranges":"none","transfer-encoding":"chunked"}
[info] i  hosting: Serving hosting files from: public {"metadata":{"emulator":{"name":"hosting"},"message":"Serving hosting files from: \u001b[1mpublic\u001b[22m"}}
[info] ✔  hosting: Local server: http://localhost:5000 {"metadata":{"emulator":{"name":"hosting"},"message":"Local server: \u001b[4m\u001b[1mhttp://localhost:5000\u001b[22m\u001b[24m"}}
[info] i  ui: downloading ui-v1.4.1.zip... {"metadata":{"emulator":{"name":"ui"},"message":"downloading ui-v1.4.1.zip..."}}
[debug] [2020-12-23T14:18:32.106Z] >>> [apiv2][query] GET https://storage.googleapis.com/firebase-preview-drop/emulator/ui-v1.4.1.zip [none]
[debug] [2020-12-23T14:18:32.379Z] <<< [apiv2][status] GET https://storage.googleapis.com/firebase-preview-drop/emulator/ui-v1.4.1.zip 200
[debug] [2020-12-23T14:18:32.380Z] <<< [apiv2][body] GET https://storage.googleapis.com/firebase-preview-drop/emulator/ui-v1.4.1.zip [stream]
[debug] [2020-12-23T14:18:33.379Z] Ignoring unsupported arg: auto_download {"metadata":{"emulator":{"name":"ui"},"message":"Ignoring unsupported arg: auto_download"}}
[debug] [2020-12-23T14:18:33.379Z] Ignoring unsupported arg: port {"metadata":{"emulator":{"name":"ui"},"message":"Ignoring unsupported arg: port"}}
[debug] [2020-12-23T14:18:33.380Z] Starting Emulator UI with command {"binary":"node","args":["/home/lisovsky/.cache/firebase/emulators/ui-v1.4.1/server.bundle.js"],"optionalArgs":[],"joinArgs":false} {"metadata":{"emulator":{"name":"ui"},"message":"Starting Emulator UI with command {\"binary\":\"node\",\"args\":[\"/home/lisovsky/.cache/firebase/emulators/ui-v1.4.1/server.bundle.js\"],\"optionalArgs\":[],\"joinArgs\":false}"}}
[info] i  ui: Emulator UI logging to ui-debug.log {"metadata":{"emulator":{"name":"ui"},"message":"Emulator UI logging to \u001b[1mui-debug.log\u001b[22m"}}
[debug] [2020-12-23T14:18:33.809Z] Debugger attached.
 {"metadata":{"emulator":{"name":"ui"},"message":"Debugger attached.\n"}}
[debug] [2020-12-23T14:18:34.165Z] Web / API server started at http://localhost:4000
 {"metadata":{"emulator":{"name":"ui"},"message":"Web / API server started at http://localhost:4000\n"}}
[info] i  functions: Watching "/home/lisovsky/Projects/atmosmes/react-firebase-chat/functions" for Cloud Functions... {"metadata":{"emulator":{"name":"functions"},"message":"Watching \"/home/lisovsky/Projects/atmosmes/react-firebase-chat/functions\" for Cloud Functions..."}}
[debug] [2020-12-23T14:18:34.220Z] [worker-pool] addWorker(~diagnostic~) {"metadata":{"emulator":{"name":"functions"},"message":"[worker-pool] addWorker(~diagnostic~)"}}
[debug] [2020-12-23T14:18:34.221Z] [worker-pool] Adding worker with key ~diagnostic~, total=1 {"metadata":{"emulator":{"name":"functions"},"message":"[worker-pool] Adding worker with key ~diagnostic~, total=1"}}
[debug] [2020-12-23T14:18:34.221Z] [worker-pool] submitWork(triggerId=) {"metadata":{"emulator":{"name":"functions"},"message":"[worker-pool] submitWork(triggerId=)"}}
[debug] [2020-12-23T14:18:34.222Z] [worker-~diagnostic~-aaf792e7-9c9d-47cc-94c5-eea349b77e7c]: Assigning socketPath: /tmp/fire_emu_73653.sock {"metadata":{"emulator":{"name":"functions"},"message":"[worker-~diagnostic~-aaf792e7-9c9d-47cc-94c5-eea349b77e7c]: Assigning socketPath: /tmp/fire_emu_73653.sock"}}
[debug] [2020-12-23T14:18:34.223Z] [worker-~diagnostic~-aaf792e7-9c9d-47cc-94c5-eea349b77e7c]: BUSY {"metadata":{"emulator":{"name":"functions"},"message":"[worker-~diagnostic~-aaf792e7-9c9d-47cc-94c5-eea349b77e7c]: BUSY"}}
[info] >  Debugger attached. {"user":"Debugger attached.","metadata":{"emulator":{"name":"functions"},"message":"\u001b[90m> \u001b[39m Debugger attached."}}
[debug] [2020-12-23T14:18:35.621Z] [runtime-status] [73653] Functions runtime initialized. {"cwd":"/home/lisovsky/Projects/atmosmes/react-firebase-chat/functions","node_version":"15.4.0"} {"metadata":{"emulator":{"name":"functions"},"message":"[runtime-status] [73653] Functions runtime initialized. {\"cwd\":\"/home/lisovsky/Projects/atmosmes/react-firebase-chat/functions\",\"node_version\":\"15.4.0\"}"}}
[debug] [2020-12-23T14:18:35.623Z] [runtime-status] [73653] Disabled runtime features: undefined {"metadata":{"emulator":{"name":"functions"},"message":"[runtime-status] [73653] Disabled runtime features: undefined"}}
[debug] [2020-12-23T14:18:35.666Z] [runtime-status] [73653] Resolved module firebase-admin {"declared":true,"installed":true,"version":"9.4.2","resolution":"/home/lisovsky/Projects/atmosmes/react-firebase-chat/functions/node_modules/firebase-admin/lib/index.js"} {"metadata":{"emulator":{"name":"functions"},"message":"[runtime-status] [73653] Resolved module firebase-admin {\"declared\":true,\"installed\":true,\"version\":\"9.4.2\",\"resolution\":\"/home/lisovsky/Projects/atmosmes/react-firebase-chat/functions/node_modules/firebase-admin/lib/index.js\"}"}}
[debug] [2020-12-23T14:18:35.735Z] [runtime-status] [73653] Resolved module firebase-functions {"declared":true,"installed":true,"version":"3.11.0","resolution":"/home/lisovsky/Projects/atmosmes/react-firebase-chat/functions/node_modules/firebase-functions/lib/index.js"} {"metadata":{"emulator":{"name":"functions"},"message":"[runtime-status] [73653] Resolved module firebase-functions {\"declared\":true,\"installed\":true,\"version\":\"3.11.0\",\"resolution\":\"/home/lisovsky/Projects/atmosmes/react-firebase-chat/functions/node_modules/firebase-functions/lib/index.js\"}"}}
[debug] [2020-12-23T14:18:35.779Z] [runtime-status] [73653] Resolved module firebase-functions {"declared":true,"installed":true,"version":"3.11.0","resolution":"/home/lisovsky/Projects/atmosmes/react-firebase-chat/functions/node_modules/firebase-functions/lib/index.js"} {"metadata":{"emulator":{"name":"functions"},"message":"[runtime-status] [73653] Resolved module firebase-functions {\"declared\":true,\"installed\":true,\"version\":\"3.11.0\",\"resolution\":\"/home/lisovsky/Projects/atmosmes/react-firebase-chat/functions/node_modules/firebase-functions/lib/index.js\"}"}}
[debug] [2020-12-23T14:18:35.802Z] [runtime-status] [73653] Outgoing network have been stubbed. [{"name":"http","status":"mocked"},{"name":"http","status":"mocked"},{"name":"https","status":"mocked"},{"name":"https","status":"mocked"},{"name":"net","status":"mocked"}] {"metadata":{"emulator":{"name":"functions"},"message":"[runtime-status] [73653] Outgoing network have been stubbed. [{\"name\":\"http\",\"status\":\"mocked\"},{\"name\":\"http\",\"status\":\"mocked\"},{\"name\":\"https\",\"status\":\"mocked\"},{\"name\":\"https\",\"status\":\"mocked\"},{\"name\":\"net\",\"status\":\"mocked\"}]"}}
[debug] [2020-12-23T14:18:35.804Z] [runtime-status] [73653] Resolved module firebase-functions {"declared":true,"installed":true,"version":"3.11.0","resolution":"/home/lisovsky/Projects/atmosmes/react-firebase-chat/functions/node_modules/firebase-functions/lib/index.js"} {"metadata":{"emulator":{"name":"functions"},"message":"[runtime-status] [73653] Resolved module firebase-functions {\"declared\":true,\"installed\":true,\"version\":\"3.11.0\",\"resolution\":\"/home/lisovsky/Projects/atmosmes/react-firebase-chat/functions/node_modules/firebase-functions/lib/index.js\"}"}}
[debug] [2020-12-23T14:18:36.668Z] [runtime-status] [73653] Checked functions.config() {"config":{}} {"metadata":{"emulator":{"name":"functions"},"message":"[runtime-status] [73653] Checked functions.config() {\"config\":{}}"}}
[debug] [2020-12-23T14:18:36.669Z] [runtime-status] [73653] firebase-functions has been stubbed. {"functionsResolution":{"declared":true,"installed":true,"version":"3.11.0","resolution":"/home/lisovsky/Projects/atmosmes/react-firebase-chat/functions/node_modules/firebase-functions/lib/index.js"}} {"metadata":{"emulator":{"name":"functions"},"message":"[runtime-status] [73653] firebase-functions has been stubbed. {\"functionsResolution\":{\"declared\":true,\"installed\":true,\"version\":\"3.11.0\",\"resolution\":\"/home/lisovsky/Projects/atmosmes/react-firebase-chat/functions/node_modules/firebase-functions/lib/index.js\"}}"}}
[debug] [2020-12-23T14:18:36.671Z] [runtime-status] [73653] Resolved module firebase-functions {"declared":true,"installed":true,"version":"3.11.0","resolution":"/home/lisovsky/Projects/atmosmes/react-firebase-chat/functions/node_modules/firebase-functions/lib/index.js"} {"metadata":{"emulator":{"name":"functions"},"message":"[runtime-status] [73653] Resolved module firebase-functions {\"declared\":true,\"installed\":true,\"version\":\"3.11.0\",\"resolution\":\"/home/lisovsky/Projects/atmosmes/react-firebase-chat/functions/node_modules/firebase-functions/lib/index.js\"}"}}
[debug] [2020-12-23T14:18:36.680Z] [runtime-status] [73653] Resolved module firebase-admin {"declared":true,"installed":true,"version":"9.4.2","resolution":"/home/lisovsky/Projects/atmosmes/react-firebase-chat/functions/node_modules/firebase-admin/lib/index.js"} {"metadata":{"emulator":{"name":"functions"},"message":"[runtime-status] [73653] Resolved module firebase-admin {\"declared\":true,\"installed\":true,\"version\":\"9.4.2\",\"resolution\":\"/home/lisovsky/Projects/atmosmes/react-firebase-chat/functions/node_modules/firebase-admin/lib/index.js\"}"}}
[debug] [2020-12-23T14:18:36.682Z] [runtime-status] [73653] Resolved module firebase-functions {"declared":true,"installed":true,"version":"3.11.0","resolution":"/home/lisovsky/Projects/atmosmes/react-firebase-chat/functions/node_modules/firebase-functions/lib/index.js"} {"metadata":{"emulator":{"name":"functions"},"message":"[runtime-status] [73653] Resolved module firebase-functions {\"declared\":true,\"installed\":true,\"version\":\"3.11.0\",\"resolution\":\"/home/lisovsky/Projects/atmosmes/react-firebase-chat/functions/node_modules/firebase-functions/lib/index.js\"}"}}
[debug] [2020-12-23T14:18:36.683Z] [runtime-status] [73653] firebase-admin has been stubbed. {"adminResolution":{"declared":true,"installed":true,"version":"9.4.2","resolution":"/home/lisovsky/Projects/atmosmes/react-firebase-chat/functions/node_modules/firebase-admin/lib/index.js"}} {"metadata":{"emulator":{"name":"functions"},"message":"[runtime-status] [73653] firebase-admin has been stubbed. {\"adminResolution\":{\"declared\":true,\"installed\":true,\"version\":\"9.4.2\",\"resolution\":\"/home/lisovsky/Projects/atmosmes/react-firebase-chat/functions/node_modules/firebase-admin/lib/index.js\"}}"}}
[debug] [2020-12-23T14:18:36.848Z] [runtime-status] [73653] initializeApp(DEFAULT) {"databaseURL":"https://atmosphere-messenger.firebaseio.com","storageBucket":"atmosphere-messenger.appspot.com","projectId":"atmosphere-messenger"} {"metadata":{"emulator":{"name":"functions"},"message":"[runtime-status] [73653] initializeApp(DEFAULT) {\"databaseURL\":\"https://atmosphere-messenger.firebaseio.com\",\"storageBucket\":\"atmosphere-messenger.appspot.com\",\"projectId\":\"atmosphere-messenger\"}"}}
[warn] ⚠  functions: The Cloud Firestore emulator is not running, so calls to Firestore will affect production. {"metadata":{"emulator":{"name":"functions"},"message":"The Cloud Firestore emulator is not running, so calls to Firestore will affect production."}}
[info] i  functions[detectEvilUsers]: function ignored because the firestore emulator does not exist or is not running. {"metadata":{"emulator":{"name":"functions"},"message":"function ignored because the firestore emulator does not exist or is not running."}}
[info] 
┌─────────────────────────────────────────────────────────────┐
│ ✔  All emulators ready! It is now safe to connect your app. │
│ i  View Emulator UI at http://localhost:4000                │
└─────────────────────────────────────────────────────────────┘

┌───────────┬────────────────┬─────────────────────────────────┐
│ Emulator  │ Host:Port      │ View in Emulator UI             │
├───────────┼────────────────┼─────────────────────────────────┤
│ Functions │ localhost:5001 │ http://localhost:4000/functions │
├───────────┼────────────────┼─────────────────────────────────┤
│ Hosting   │ localhost:5000 │ n/a                             │
└───────────┴────────────────┴─────────────────────────────────┘
  Emulator Hub running at localhost:4400
  Other reserved ports: 4500

Issues? Report them at https://github.com/firebase/firebase-tools/issues and attach the *-debug.log files.
 
[debug] [2020-12-23T14:18:40.899Z] [worker-~diagnostic~-aaf792e7-9c9d-47cc-94c5-eea349b77e7c]: IDLE {"metadata":{"emulator":{"name":"functions"},"message":"[worker-~diagnostic~-aaf792e7-9c9d-47cc-94c5-eea349b77e7c]: IDLE"}}
[info] i  hosting: 127.0.0.1 - - [23/Dec/2020:14:20:06 +0000] "GET / HTTP/1.1" 200 1957 "-" "Mozilla/5.0 (X11; Fedora; Linux x86_64; rv:83.0) Gecko/20100101 Firefox/83.0" {"metadata":{"emulator":{"name":"hosting"},"message":"127.0.0.1 - - [23/Dec/2020:14:20:06 +0000] \"GET / HTTP/1.1\" 200 1957 \"-\" \"Mozilla/5.0 (X11; Fedora; Linux x86_64; rv:83.0) Gecko/20100101 Firefox/83.0\""}}
[info] i  hosting: 127.0.0.1 - - [23/Dec/2020:14:20:07 +0000] "GET /%PUBLIC_URL%/logo192.png HTTP/1.1" 500 - "http://localhost:5000/" "Mozilla/5.0 (X11; Fedora; Linux x86_64; rv:83.0) Gecko/20100101 Firefox/83.0" {"metadata":{"emulator":{"name":"hosting"},"message":"127.0.0.1 - - [23/Dec/2020:14:20:07 +0000] \"GET /%PUBLIC_URL%/logo192.png HTTP/1.1\" 500 - \"http://localhost:5000/\" \"Mozilla/5.0 (X11; Fedora; Linux x86_64; rv:83.0) Gecko/20100101 Firefox/83.0\""}}
[info] i  hosting: 127.0.0.1 - - [23/Dec/2020:14:20:07 +0000] "GET /%PUBLIC_URL%/favicon.ico HTTP/1.1" 500 - "http://localhost:5000/" "Mozilla/5.0 (X11; Fedora; Linux x86_64; rv:83.0) Gecko/20100101 Firefox/83.0" {"metadata":{"emulator":{"name":"hosting"},"message":"127.0.0.1 - - [23/Dec/2020:14:20:07 +0000] \"GET /%PUBLIC_URL%/favicon.ico HTTP/1.1\" 500 - \"http://localhost:5000/\" \"Mozilla/5.0 (X11; Fedora; Linux x86_64; rv:83.0) Gecko/20100101 Firefox/83.0\""}}
